[01:56:39 AM] [proactor_events] [__init__] [DEBUG]: Using proactor: IocpProactor
[01:56:39 AM] [proactor_events] [__init__] [DEBUG]: Using proactor: IocpProactor
[01:56:39 AM] [server] [wrap] [INFO]: server listening on [::1]:8679
[01:56:39 AM] [server] [wrap] [INFO]: server listening on 127.0.0.1:8679
[01:56:39 AM] [server] [start] [INFO]: Serving to localhost:8679
[01:56:42 AM] [protocol] [__init__] [DEBUG]: = connection is CONNECTING
[01:56:42 AM] [server] [read_http_request] [DEBUG]: < GET / HTTP/1.1
[01:56:42 AM] [server] [read_http_request] [DEBUG]: < Host: localhost:8679
[01:56:42 AM] [server] [read_http_request] [DEBUG]: < Upgrade: websocket
[01:56:42 AM] [server] [read_http_request] [DEBUG]: < Connection: Upgrade
[01:56:42 AM] [server] [read_http_request] [DEBUG]: < Sec-WebSocket-Key: 54aqwsoup+KStOr4zeY8mg==
[01:56:42 AM] [server] [read_http_request] [DEBUG]: < Sec-WebSocket-Version: 13
[01:56:42 AM] [server] [read_http_request] [DEBUG]: < Sec-WebSocket-Extensions: permessage-deflate; client_max_window_bits
[01:56:42 AM] [server] [read_http_request] [DEBUG]: < User-Agent: Python/3.10 websockets/10.1
[01:56:42 AM] [server] [write_http_response] [DEBUG]: > HTTP/1.1 101 Switching Protocols
[01:56:42 AM] [server] [write_http_response] [DEBUG]: > Upgrade: websocket
[01:56:42 AM] [server] [write_http_response] [DEBUG]: > Connection: Upgrade
[01:56:42 AM] [server] [write_http_response] [DEBUG]: > Sec-WebSocket-Accept: qt8g/km6+G6MLIF1LVfDhgoSA/4=
[01:56:42 AM] [server] [write_http_response] [DEBUG]: > Sec-WebSocket-Extensions: permessage-deflate; server_max_window_bits=12; client_max_window_bits=12
[01:56:42 AM] [server] [write_http_response] [DEBUG]: > Date: Sat, 10 Dec 2022 23:56:42 GMT
[01:56:42 AM] [server] [write_http_response] [DEBUG]: > Server: Python/3.10 websockets/10.1
[01:56:42 AM] [server] [handshake] [INFO]: connection open
[01:56:42 AM] [protocol] [connection_open] [DEBUG]: = connection is OPEN
[01:56:42 AM] [server] [handle_connections] [INFO]: --- New Connection ---
[01:56:42 AM] [server] [handle_connections] [INFO]: Remote: ('::1', 58800, 0, 0)
[01:56:42 AM] [server] [handle_connections] [INFO]: Local: ('::1', 8679, 0, 0)
[01:56:45 AM] [handler] [start_loop] [INFO]: --- Got new UUID ---
[01:56:45 AM] [handler] [start_loop] [INFO]: UUID: 1852287989
[01:56:45 AM] [handler] [start_loop] [INFO]: Sending UUID to 1 subscribers
[01:56:45 AM] [protocol] [write_frame_sync] [DEBUG]: > TEXT '1852287989' [10 bytes]
[01:56:45 AM] [handler] [start_loop] [INFO]: --- Got new UUID ---
[01:56:45 AM] [handler] [start_loop] [INFO]: UUID: 1852287989
[01:56:45 AM] [handler] [start_loop] [INFO]: Sending UUID to 1 subscribers
[01:56:45 AM] [protocol] [write_frame_sync] [DEBUG]: > TEXT '1852287989' [10 bytes]
[01:56:46 AM] [handler] [start_loop] [INFO]: --- Got new UUID ---
[01:56:46 AM] [handler] [start_loop] [INFO]: UUID: 1852287989
[01:56:46 AM] [handler] [start_loop] [INFO]: Sending UUID to 1 subscribers
[01:56:46 AM] [protocol] [write_frame_sync] [DEBUG]: > TEXT '1852287989' [10 bytes]
[01:56:48 AM] [handler] [start_loop] [INFO]: --- Got new UUID ---
[01:56:48 AM] [handler] [start_loop] [INFO]: UUID: 5976571
[01:56:48 AM] [handler] [start_loop] [INFO]: Sending UUID to 1 subscribers
[01:56:48 AM] [protocol] [write_frame_sync] [DEBUG]: > TEXT '5976571' [7 bytes]
[01:56:49 AM] [handler] [start_loop] [INFO]: --- Got new UUID ---
[01:56:49 AM] [handler] [start_loop] [INFO]: UUID: 5976571
[01:56:49 AM] [handler] [start_loop] [INFO]: Sending UUID to 1 subscribers
[01:56:49 AM] [protocol] [write_frame_sync] [DEBUG]: > TEXT '5976571' [7 bytes]
[01:56:50 AM] [handler] [start_loop] [INFO]: --- Got new UUID ---
[01:56:50 AM] [handler] [start_loop] [INFO]: UUID: 5976571
[01:56:50 AM] [handler] [start_loop] [INFO]: Sending UUID to 1 subscribers
[01:56:50 AM] [protocol] [write_frame_sync] [DEBUG]: > TEXT '5976571' [7 bytes]
[01:56:50 AM] [handler] [start_loop] [INFO]: --- Got new UUID ---
[01:56:50 AM] [handler] [start_loop] [INFO]: UUID: 5976571
[01:56:50 AM] [handler] [start_loop] [INFO]: Sending UUID to 1 subscribers
[01:56:50 AM] [protocol] [write_frame_sync] [DEBUG]: > TEXT '5976571' [7 bytes]
[01:56:51 AM] [handler] [start_loop] [INFO]: --- Got new UUID ---
[01:56:51 AM] [handler] [start_loop] [INFO]: UUID: 5976571
[01:56:51 AM] [handler] [start_loop] [INFO]: Sending UUID to 1 subscribers
[01:56:51 AM] [protocol] [write_frame_sync] [DEBUG]: > TEXT '5976571' [7 bytes]
[01:56:51 AM] [handler] [start_loop] [INFO]: --- Got new UUID ---
[01:56:51 AM] [handler] [start_loop] [INFO]: UUID: 5976571
[01:56:51 AM] [handler] [start_loop] [INFO]: Sending UUID to 1 subscribers
[01:56:51 AM] [protocol] [write_frame_sync] [DEBUG]: > TEXT '5976571' [7 bytes]
[01:57:02 AM] [protocol] [keepalive_ping] [DEBUG]: % sending keepalive ping
[01:57:02 AM] [protocol] [write_frame_sync] [DEBUG]: > PING e6 9a fd 37 [binary, 4 bytes]
[01:57:02 AM] [protocol] [read_frame] [DEBUG]: < PONG e6 9a fd 37 [binary, 4 bytes]
[01:57:02 AM] [protocol] [read_frame] [DEBUG]: < PING 3c eb 5a 32 [binary, 4 bytes]
[01:57:02 AM] [protocol] [write_frame_sync] [DEBUG]: > PONG 3c eb 5a 32 [binary, 4 bytes]
[01:57:02 AM] [protocol] [keepalive_ping] [DEBUG]: % received keepalive pong
[01:57:22 AM] [protocol] [keepalive_ping] [DEBUG]: % sending keepalive ping
[01:57:22 AM] [protocol] [write_frame_sync] [DEBUG]: > PING ad 65 0e 4c [binary, 4 bytes]
[01:57:22 AM] [protocol] [read_frame] [DEBUG]: < PING b5 ca 95 c0 [binary, 4 bytes]
[01:57:22 AM] [protocol] [write_frame_sync] [DEBUG]: > PONG b5 ca 95 c0 [binary, 4 bytes]
[01:57:22 AM] [protocol] [read_frame] [DEBUG]: < PONG ad 65 0e 4c [binary, 4 bytes]
[01:57:22 AM] [protocol] [keepalive_ping] [DEBUG]: % received keepalive pong
[01:57:42 AM] [protocol] [keepalive_ping] [DEBUG]: % sending keepalive ping
[01:57:42 AM] [protocol] [write_frame_sync] [DEBUG]: > PING c1 87 e2 58 [binary, 4 bytes]
[01:57:42 AM] [protocol] [read_frame] [DEBUG]: < PING ef 09 b3 4d [binary, 4 bytes]
[01:57:42 AM] [protocol] [write_frame_sync] [DEBUG]: > PONG ef 09 b3 4d [binary, 4 bytes]
[01:57:42 AM] [protocol] [read_frame] [DEBUG]: < PONG c1 87 e2 58 [binary, 4 bytes]
[01:57:42 AM] [protocol] [keepalive_ping] [DEBUG]: % received keepalive pong
[01:57:56 AM] [server] [handler] [INFO]: connection closed
[01:57:56 AM] [protocol] [close_connection] [DEBUG]: x half-closing TCP connection
[01:57:56 AM] [server] [_close] [INFO]: server closing
[01:57:56 AM] [server] [_close] [INFO]: server closed
[01:57:56 AM] [protocol] [connection_lost] [DEBUG]: = connection is CLOSED
