[01:53:24 AM] [proactor_events] [__init__] [DEBUG]: Using proactor: IocpProactor
[01:53:24 AM] [proactor_events] [__init__] [DEBUG]: Using proactor: IocpProactor
[01:53:24 AM] [server] [wrap] [INFO]: server listening on [::1]:8679
[01:53:24 AM] [server] [wrap] [INFO]: server listening on 127.0.0.1:8679
[01:53:24 AM] [server] [start] [INFO]: Serving to localhost:8679
[01:53:28 AM] [protocol] [__init__] [DEBUG]: = connection is CONNECTING
[01:53:28 AM] [server] [read_http_request] [DEBUG]: < GET / HTTP/1.1
[01:53:28 AM] [server] [read_http_request] [DEBUG]: < Host: localhost:8679
[01:53:28 AM] [server] [read_http_request] [DEBUG]: < Upgrade: websocket
[01:53:28 AM] [server] [read_http_request] [DEBUG]: < Connection: Upgrade
[01:53:28 AM] [server] [read_http_request] [DEBUG]: < Sec-WebSocket-Key: /qenbj/8e9YdiZCD1Shg/g==
[01:53:28 AM] [server] [read_http_request] [DEBUG]: < Sec-WebSocket-Version: 13
[01:53:28 AM] [server] [read_http_request] [DEBUG]: < Sec-WebSocket-Extensions: permessage-deflate; client_max_window_bits
[01:53:28 AM] [server] [read_http_request] [DEBUG]: < User-Agent: Python/3.10 websockets/10.1
[01:53:28 AM] [server] [write_http_response] [DEBUG]: > HTTP/1.1 101 Switching Protocols
[01:53:28 AM] [server] [write_http_response] [DEBUG]: > Upgrade: websocket
[01:53:28 AM] [server] [write_http_response] [DEBUG]: > Connection: Upgrade
[01:53:28 AM] [server] [write_http_response] [DEBUG]: > Sec-WebSocket-Accept: X7ezoK8jctCD3QLYS/dPVG4Sj2Q=
[01:53:28 AM] [server] [write_http_response] [DEBUG]: > Sec-WebSocket-Extensions: permessage-deflate; server_max_window_bits=12; client_max_window_bits=12
[01:53:28 AM] [server] [write_http_response] [DEBUG]: > Date: Sat, 10 Dec 2022 23:53:28 GMT
[01:53:28 AM] [server] [write_http_response] [DEBUG]: > Server: Python/3.10 websockets/10.1
[01:53:28 AM] [server] [handshake] [INFO]: connection open
[01:53:28 AM] [protocol] [connection_open] [DEBUG]: = connection is OPEN
[01:53:28 AM] [server] [handle_connections] [INFO]: --- New Connection ---
[01:53:28 AM] [server] [handle_connections] [INFO]: Remote: ('::1', 58788, 0, 0)
[01:53:28 AM] [server] [handle_connections] [INFO]: Local: ('::1', 8679, 0, 0)
[01:53:29 AM] [protocol] [read_frame] [DEBUG]: < CLOSE 1000 (OK) [2 bytes]
[01:53:29 AM] [protocol] [write_close_frame] [DEBUG]: = connection is CLOSING
[01:53:29 AM] [protocol] [write_frame_sync] [DEBUG]: > CLOSE 1000 (OK) [2 bytes]
[01:53:29 AM] [protocol] [close_connection] [DEBUG]: x half-closing TCP connection
[01:53:29 AM] [protocol] [connection_lost] [DEBUG]: = connection is CLOSED
[01:53:29 AM] [handler] [unsubscribe] [ERROR]: --- Connection Closed ---
[01:53:29 AM] [handler] [unsubscribe] [ERROR]: Remote: ('::1', 58788, 0, 0)
[01:53:29 AM] [handler] [unsubscribe] [ERROR]: Local: ('::1', 8679, 0, 0)
[01:53:29 AM] [server] [handler] [INFO]: connection closed
[01:56:37 AM] [server] [_close] [INFO]: server closing
[01:56:37 AM] [server] [_close] [INFO]: server closed
